c:\users\marti\desktop\libunicornio-master\projetos\threequest_proj\debug\vc141.pdb
c:\users\marti\desktop\libunicornio-master\projetos\threequest_proj\debug\vc141.idb
c:\users\marti\desktop\libunicornio-master\projetos\threequest_proj\debug\airbubble.obj
c:\users\marti\desktop\libunicornio-master\projetos\threequest_proj\debug\airbubblearray.obj
c:\users\marti\desktop\libunicornio-master\projetos\threequest_proj\debug\diver.obj
c:\users\marti\desktop\libunicornio-master\projetos\threequest_proj\debug\diverarray.obj
c:\users\marti\desktop\libunicornio-master\projetos\threequest_proj\debug\enemyfisharray.obj
c:\users\marti\desktop\libunicornio-master\projetos\threequest_proj\debug\enemyfish.obj
c:\users\marti\desktop\libunicornio-master\projetos\threequest_proj\debug\enemysub.obj
c:\users\marti\desktop\libunicornio-master\projetos\threequest_proj\debug\enemysubarray.obj
c:\users\marti\desktop\libunicornio-master\projetos\threequest_proj\debug\framecounter.obj
c:\users\marti\desktop\libunicornio-master\projetos\threequest_proj\debug\jogointerface.obj
c:\users\marti\desktop\libunicornio-master\projetos\threequest_proj\debug\main.obj
c:\users\marti\desktop\libunicornio-master\projetos\threequest_proj\debug\player.obj
c:\users\marti\desktop\libunicornio-master\projetos\threequest_proj\debug\tiroarray.obj
c:\users\marti\desktop\libunicornio-master\projetos\threequest_proj\debug\tiro.obj
c:\users\marti\desktop\libunicornio-master\projetos\threequest_proj\debug\jogo.obj
c:\users\marti\desktop\libunicornio-master\projetos\threequest_proj\debug\scorekeeping.obj
c:\users\marti\desktop\libunicornio-master\projetos\threequest_proj\debug\explosion.obj
c:\users\marti\desktop\libunicornio-master\projetos\threequest_proj\debug\explosionarray.obj
c:\users\marti\desktop\libunicornio-master\projetos\threequest_proj\bin\base-debug.ilk
c:\users\marti\desktop\libunicornio-master\projetos\threequest_proj\bin\base-debug.exe
c:\users\marti\desktop\libunicornio-master\projetos\threequest_proj\bin\base-debug.pdb
c:\users\marti\desktop\libunicornio-master\projetos\threequest_proj\debug\base.res
c:\users\marti\desktop\libunicornio-master\projetos\threequest_proj\debug\enemyarray.obj
c:\users\marti\desktop\libunicornio-master\projetos\threequest_proj\debug\shotarray.obj
c:\users\marti\desktop\libunicornio-master\projetos\threequest_proj\debug\telajogo.obj
c:\users\marti\desktop\libunicornio-master\projetos\threequest_proj\debug\vc140.idb
c:\users\marti\desktop\libunicornio-master\projetos\threequest_proj\debug\vc140.pdb
c:\users\marti\desktop\libunicornio-master\projetos\threequest_proj\debug\base.tlog\cl.command.1.tlog
c:\users\marti\desktop\libunicornio-master\projetos\threequest_proj\debug\base.tlog\cl.read.1.tlog
c:\users\marti\desktop\libunicornio-master\projetos\threequest_proj\debug\base.tlog\cl.write.1.tlog
c:\users\marti\desktop\libunicornio-master\projetos\threequest_proj\debug\base.tlog\link.command.1.tlog
c:\users\marti\desktop\libunicornio-master\projetos\threequest_proj\debug\base.tlog\link.read.1.tlog
c:\users\marti\desktop\libunicornio-master\projetos\threequest_proj\debug\base.tlog\link.write.1.tlog
c:\users\marti\desktop\libunicornio-master\projetos\threequest_proj\debug\base.tlog\rc.command.1.tlog
c:\users\marti\desktop\libunicornio-master\projetos\threequest_proj\debug\base.tlog\rc.read.1.tlog
c:\users\marti\desktop\libunicornio-master\projetos\threequest_proj\debug\base.tlog\rc.write.1.tlog
