  JogoInterface.cpp
  Jogo.cpp
c:\users\marti\desktop\libunicornio-master\projetos\threequest_proj\jogo.cpp(218): warning C4244: 'argument': conversion from 'time_t' to 'unsigned int', possible loss of data
c:\users\marti\desktop\libunicornio-master\projetos\threequest_proj\jogo.cpp(613): warning C4244: 'argument': conversion from 'int' to 'float', possible loss of data
c:\users\marti\desktop\libunicornio-master\projetos\threequest_proj\jogo.cpp(639): warning C4244: 'argument': conversion from 'int' to 'float', possible loss of data
c:\users\marti\desktop\libunicornio-master\projetos\threequest_proj\jogo.cpp(674): warning C4244: 'argument': conversion from 'int' to 'float', possible loss of data
c:\users\marti\desktop\libunicornio-master\projetos\threequest_proj\jogo.cpp(704): warning C4244: 'argument': conversion from 'int' to 'float', possible loss of data
c:\users\marti\desktop\libunicornio-master\projetos\threequest_proj\jogo.cpp(739): warning C4244: 'argument': conversion from 'int' to 'float', possible loss of data
c:\users\marti\desktop\libunicornio-master\projetos\threequest_proj\jogo.cpp(769): warning C4244: 'argument': conversion from 'int' to 'float', possible loss of data
c:\users\marti\desktop\libunicornio-master\projetos\threequest_proj\jogo.cpp(804): warning C4244: 'argument': conversion from 'int' to 'float', possible loss of data
c:\users\marti\desktop\libunicornio-master\projetos\threequest_proj\jogo.cpp(834): warning C4244: 'argument': conversion from 'int' to 'float', possible loss of data
c:\users\marti\desktop\libunicornio-master\projetos\threequest_proj\jogo.cpp(864): warning C4244: 'argument': conversion from 'int' to 'float', possible loss of data
c:\users\marti\desktop\libunicornio-master\projetos\threequest_proj\jogo.cpp(891): warning C4244: 'argument': conversion from 'int' to 'float', possible loss of data
c:\users\marti\desktop\libunicornio-master\projetos\threequest_proj\jogo.cpp(925): warning C4244: 'argument': conversion from 'int' to 'float', possible loss of data
  Generating Code...
  Compiling...
  main.cpp
  TiroArray.cpp
  Tiro.cpp
  Player.cpp
  EnemySubArray.cpp
  EnemySub.cpp
  EnemyFishArray.cpp
  EnemyFish.cpp
  DiverArray.cpp
  Diver.cpp
  Generating Code...
  base.vcxproj -> C:\Users\marti\Desktop\libUnicornio-master\projetos\threequest_proj\bin\base-debug.exe
  base.vcxproj -> C:\Users\marti\Desktop\libUnicornio-master\projetos\threequest_proj\bin\base-debug.pdb (Full PDB)
